  .\GameClient\billboard.fx
  .\GameClient\dbg.fx
  .\GameClient\std2d.fx
  .\GameClient\value.fx
  4 File(s) copied
  OK: Updated components.h
  ALevel.cpp
  CArmScript.cpp
  CCamera.cpp
  CCollider2D.cpp
  CMissileScript.cpp
  CPlatformerPlayerScript.cpp
  CPlayerScript.cpp
  CRigidBody.cpp
  CScript.cpp
  CTargetMissileScript.cpp
  CTrackingCameraScript.cpp
  CTransform.cpp
  CollisionMgr.cpp
  Component.cpp
  Engine.cpp
  Engine_Init.cpp
  GameObject.cpp
  Layer.cpp
  LevelMgr.cpp
  RenderMgr.cpp
  Generating Code...
  Compiling...
  TaskMgr.cpp
D:\Visual Studio Projects\DX11\GameClient\TaskMgr.cpp(31,37): warning C4244: 'argument': conversion from 'DWORD_PTR' to 'int', possible loss of data
  (compiling source file '/TaskMgr.cpp')
  
  func.cpp
  Generating Code...
  GameClient.vcxproj -> D:\Visual Studio Projects\DX11\Game\Bin\GameClient.exe
